SampleProjects/ExtCamApplication/libuvccamera/build/outputs/logs/manifest-merger-debug-report.txt
-- Merging decision tree log ---
manifest
ADDED from src/main/AndroidManifest.xml:24:1-33:12
INJECTED from src/main/AndroidManifest.xml:24:1-33:12
INJECTED from src/main/AndroidManifest.xml:24:1-33:12
INJECTED from src/main/AndroidManifest.xml:24:1-33:12
INJECTED from src/main/AndroidManifest.xml:24:1-33:12
INJECTED from src/main/AndroidManifest.xml:24:1-33:12
INJECTED from src/main/AndroidManifest.xml:24:1-33:12
	package
		ADDED from src/main/AndroidManifest.xml:25:5-40
		INJECTED from src/main/AndroidManifest.xml
		INJECTED from src/main/AndroidManifest.xml
	android:versionName
		ADDED from src/main/AndroidManifest.xml:27:5-30
		INJECTED from src/main/AndroidManifest.xml
		INJECTED from src/main/AndroidManifest.xml
	xmlns:android
		ADDED from src/main/AndroidManifest.xml:24:11-69
	android:versionCode
		ADDED from src/main/AndroidManifest.xml:26:5-28
		INJECTED from src/main/AndroidManifest.xml
		INJECTED from src/main/AndroidManifest.xml
uses-sdk
ADDED from src/main/AndroidManifest.xml:29:5-31:41
INJECTED from src/main/AndroidManifest.xml:29:5-31:41
INJECTED from src/main/AndroidManifest.xml:29:5-31:41
INJECTED from src/main/AndroidManifest.xml:29:5-31:41
INJECTED from src/main/AndroidManifest.xml:29:5-31:41
	android:targetSdkVersion
		ADDED from src/main/AndroidManifest.xml:31:9-38
		INJECTED from src/main/AndroidManifest.xml
		INJECTED from src/main/AndroidManifest.xml
	android:minSdkVersion
		ADDED from src/main/AndroidManifest.xml:30:9-35
		INJECTED from src/main/AndroidManifest.xml
		INJECTED from src/main/AndroidManifest.xml